<?xml version="1.0" encoding="UTF-8"?>
<testng-results ignored="0" total="12" passed="12" failed="0" skipped="0">
  <reporter-output>
  </reporter-output>
  <suite started-at="2024-02-05T15:45:11 IST" name="Gradle suite" finished-at="2024-02-05T15:51:46 IST" duration-ms="394673">
    <groups>
      <group name="Booking and Cancellation Flow">
        <method signature="TestCase_03.TestCase03(java.lang.String,java.lang.String,java.lang.String,java.lang.String,java.lang.String,java.lang.String,java.lang.String)[pri:3, instance:qtriptest.tests.TestCase_03@58d75e99]" name="TestCase03" class="qtriptest.tests.TestCase_03"/>
      </group> <!-- Booking and Cancellation Flow -->
      <group name="Reliability Flow">
        <method signature="TestCase_04.TestCase04(java.lang.String,java.lang.String,java.lang.String,java.lang.String,java.lang.String)[pri:4, instance:qtriptest.tests.TestCase_04@36916eb0]" name="TestCase04" class="qtriptest.tests.TestCase_04"/>
      </group> <!-- Reliability Flow -->
      <group name="Search and Filter flow">
        <method signature="TestCase_02.TestCase02(java.lang.String,java.lang.String,java.lang.String,java.lang.String,java.lang.String)[pri:2, instance:qtriptest.tests.TestCase_02@5ba3f27a]" name="TestCase02" class="qtriptest.tests.TestCase_02"/>
      </group> <!-- Search and Filter flow -->
      <group name="Login Flow">
        <method signature="TestCase_01.TestCase01(java.lang.String,java.lang.String)[pri:1, instance:qtriptest.tests.TestCase_01@543588e6]" name="TestCase01" class="qtriptest.tests.TestCase_01"/>
      </group> <!-- Login Flow -->
    </groups>
    <test started-at="2024-02-05T15:45:11 IST" name="Gradle test" finished-at="2024-02-05T15:51:46 IST" duration-ms="394673">
      <class name="qtriptest.tests.TestCase_03">
        <test-method is-config="true" signature="createDriver()[pri:0, instance:qtriptest.tests.TestCase_03@58d75e99]" started-at="2024-02-05T15:45:11 IST" name="createDriver" finished-at="2024-02-05T15:45:11 IST" duration-ms="2" status="PASS">
          <reporter-output>
          </reporter-output>
        </test-method> <!-- createDriver -->
        <test-method signature="TestCase03(java.lang.String,java.lang.String,java.lang.String,java.lang.String,java.lang.String,java.lang.String,java.lang.String)[pri:3, instance:qtriptest.tests.TestCase_03@58d75e99]" started-at="2024-02-05T15:47:07 IST" name="TestCase03" description="Verify user registration - login - logout" data-provider="data-provider" finished-at="2024-02-05T15:47:40 IST" duration-ms="32389" status="PASS">
          <params>
            <param index="0">
              <value>
                <![CDATA[TC3_1@gmaill.com]]>
              </value>
            </param>
            <param index="1">
              <value>
                <![CDATA[abc@123]]>
              </value>
            </param>
            <param index="2">
              <value>
                <![CDATA[Bengaluru]]>
              </value>
            </param>
            <param index="3">
              <value>
                <![CDATA[Niaboytown]]>
              </value>
            </param>
            <param index="4">
              <value>
                <![CDATA[palam]]>
              </value>
            </param>
            <param index="5">
              <value>
                <![CDATA[16-11-2025]]>
              </value>
            </param>
            <param index="6">
              <value>
                <![CDATA[2]]>
              </value>
            </param>
          </params>
          <reporter-output>
          </reporter-output>
        </test-method> <!-- TestCase03 -->
        <test-method signature="TestCase03(java.lang.String,java.lang.String,java.lang.String,java.lang.String,java.lang.String,java.lang.String,java.lang.String)[pri:3, instance:qtriptest.tests.TestCase_03@58d75e99]" started-at="2024-02-05T15:47:40 IST" name="TestCase03" description="Verify user registration - login - logout" data-provider="data-provider" finished-at="2024-02-05T15:48:11 IST" duration-ms="31323" status="PASS">
          <params>
            <param index="0">
              <value>
                <![CDATA[TC3_2@gmail.com]]>
              </value>
            </param>
            <param index="1">
              <value>
                <![CDATA[abc@123]]>
              </value>
            </param>
            <param index="2">
              <value>
                <![CDATA[Singapore]]>
              </value>
            </param>
            <param index="3">
              <value>
                <![CDATA[Grand Ashland]]>
              </value>
            </param>
            <param index="4">
              <value>
                <![CDATA[biden]]>
              </value>
            </param>
            <param index="5">
              <value>
                <![CDATA[26-11-2025]]>
              </value>
            </param>
            <param index="6">
              <value>
                <![CDATA[4]]>
              </value>
            </param>
          </params>
          <reporter-output>
          </reporter-output>
        </test-method> <!-- TestCase03 -->
        <test-method signature="TestCase03(java.lang.String,java.lang.String,java.lang.String,java.lang.String,java.lang.String,java.lang.String,java.lang.String)[pri:3, instance:qtriptest.tests.TestCase_03@58d75e99]" started-at="2024-02-05T15:48:11 IST" name="TestCase03" description="Verify user registration - login - logout" data-provider="data-provider" finished-at="2024-02-05T15:48:42 IST" duration-ms="31191" status="PASS">
          <params>
            <param index="0">
              <value>
                <![CDATA[TC3_3@gmail.com]]>
              </value>
            </param>
            <param index="1">
              <value>
                <![CDATA[abc@123]]>
              </value>
            </param>
            <param index="2">
              <value>
                <![CDATA[Bangkok]]>
              </value>
            </param>
            <param index="3">
              <value>
                <![CDATA[Tifwales Ferry]]>
              </value>
            </param>
            <param index="4">
              <value>
                <![CDATA[prabhu]]>
              </value>
            </param>
            <param index="5">
              <value>
                <![CDATA[26-12-2025]]>
              </value>
            </param>
            <param index="6">
              <value>
                <![CDATA[1]]>
              </value>
            </param>
          </params>
          <reporter-output>
          </reporter-output>
        </test-method> <!-- TestCase03 -->
      </class> <!-- qtriptest.tests.TestCase_03 -->
      <class name="qtriptest.tests.TestCase_02">
        <test-method is-config="true" signature="createDriver()[pri:0, instance:qtriptest.tests.TestCase_02@5ba3f27a]" started-at="2024-02-05T15:45:11 IST" name="createDriver" finished-at="2024-02-05T15:45:11 IST" duration-ms="2" status="PASS">
          <reporter-output>
          </reporter-output>
        </test-method> <!-- createDriver -->
        <test-method signature="TestCase02(java.lang.String,java.lang.String,java.lang.String,java.lang.String,java.lang.String)[pri:2, instance:qtriptest.tests.TestCase_02@5ba3f27a]" started-at="2024-02-05T15:45:33 IST" name="TestCase02" description="Verify that Search and filters work fine" data-provider="data-provider" finished-at="2024-02-05T15:46:04 IST" duration-ms="31466" status="PASS">
          <params>
            <param index="0">
              <value>
                <![CDATA[Bengaluru]]>
              </value>
            </param>
            <param index="1">
              <value>
                <![CDATA[Cycling Routes]]>
              </value>
            </param>
            <param index="2">
              <value>
                <![CDATA[6-12 Hours]]>
              </value>
            </param>
            <param index="3">
              <value>
                <![CDATA[1]]>
              </value>
            </param>
            <param index="4">
              <value>
                <![CDATA[9]]>
              </value>
            </param>
          </params>
          <reporter-output>
          </reporter-output>
        </test-method> <!-- TestCase02 -->
        <test-method signature="TestCase02(java.lang.String,java.lang.String,java.lang.String,java.lang.String,java.lang.String)[pri:2, instance:qtriptest.tests.TestCase_02@5ba3f27a]" started-at="2024-02-05T15:46:04 IST" name="TestCase02" description="Verify that Search and filters work fine" data-provider="data-provider" finished-at="2024-02-05T15:46:36 IST" duration-ms="31456" status="PASS">
          <params>
            <param index="0">
              <value>
                <![CDATA[Singapore]]>
              </value>
            </param>
            <param index="1">
              <value>
                <![CDATA[Hillside Getaways]]>
              </value>
            </param>
            <param index="2">
              <value>
                <![CDATA[6-12 Hours]]>
              </value>
            </param>
            <param index="3">
              <value>
                <![CDATA[1]]>
              </value>
            </param>
            <param index="4">
              <value>
                <![CDATA[8]]>
              </value>
            </param>
          </params>
          <reporter-output>
          </reporter-output>
        </test-method> <!-- TestCase02 -->
        <test-method signature="TestCase02(java.lang.String,java.lang.String,java.lang.String,java.lang.String,java.lang.String)[pri:2, instance:qtriptest.tests.TestCase_02@5ba3f27a]" started-at="2024-02-05T15:46:36 IST" name="TestCase02" description="Verify that Search and filters work fine" data-provider="data-provider" finished-at="2024-02-05T15:47:07 IST" duration-ms="31504" status="PASS">
          <params>
            <param index="0">
              <value>
                <![CDATA[Goa]]>
              </value>
            </param>
            <param index="1">
              <value>
                <![CDATA[Party Spots]]>
              </value>
            </param>
            <param index="2">
              <value>
                <![CDATA[2-6 Hours]]>
              </value>
            </param>
            <param index="3">
              <value>
                <![CDATA[1]]>
              </value>
            </param>
            <param index="4">
              <value>
                <![CDATA[11]]>
              </value>
            </param>
          </params>
          <reporter-output>
          </reporter-output>
        </test-method> <!-- TestCase02 -->
      </class> <!-- qtriptest.tests.TestCase_02 -->
      <class name="qtriptest.tests.TestCase_04">
        <test-method is-config="true" signature="createDriver()[pri:0, instance:qtriptest.tests.TestCase_04@36916eb0]" started-at="2024-02-05T15:45:11 IST" name="createDriver" finished-at="2024-02-05T15:45:11 IST" duration-ms="2" status="PASS">
          <reporter-output>
          </reporter-output>
        </test-method> <!-- createDriver -->
        <test-method signature="TestCase04(java.lang.String,java.lang.String,java.lang.String,java.lang.String,java.lang.String)[pri:4, instance:qtriptest.tests.TestCase_04@36916eb0]" started-at="2024-02-05T15:48:42 IST" name="TestCase04" description="Verify user registration - login - logout" data-provider="data-provider" finished-at="2024-02-05T15:49:44 IST" duration-ms="61570" status="PASS">
          <params>
            <param index="0">
              <value>
                <![CDATA[TC4_1@gmail.com]]>
              </value>
            </param>
            <param index="1">
              <value>
                <![CDATA[abc@123]]>
              </value>
            </param>
            <param index="2">
              <value>
                <![CDATA[Bengaluru;Niaboytown;Chicky;01-01-2025;2]]>
              </value>
            </param>
            <param index="3">
              <value>
                <![CDATA[Kolkata;Thton;Cha Cha;01-02-2025;3]]>
              </value>
            </param>
            <param index="4">
              <value>
                <![CDATA[Malaysia;Wootkentree;Bom Bom;02-12-2025;1]]>
              </value>
            </param>
          </params>
          <reporter-output>
          </reporter-output>
        </test-method> <!-- TestCase04 -->
        <test-method signature="TestCase04(java.lang.String,java.lang.String,java.lang.String,java.lang.String,java.lang.String)[pri:4, instance:qtriptest.tests.TestCase_04@36916eb0]" started-at="2024-02-05T15:49:44 IST" name="TestCase04" description="Verify user registration - login - logout" data-provider="data-provider" finished-at="2024-02-05T15:50:46 IST" duration-ms="62406" status="PASS">
          <params>
            <param index="0">
              <value>
                <![CDATA[TC4_2@gmail.com]]>
              </value>
            </param>
            <param index="1">
              <value>
                <![CDATA[abc@321]]>
              </value>
            </param>
            <param index="2">
              <value>
                <![CDATA[Bengaluru;Fort Sionnnn;Chicky;01-01-2025;2]]>
              </value>
            </param>
            <param index="3">
              <value>
                <![CDATA[Kolkata;North Gelgoon;Cha Cha;01-02-2025;3]]>
              </value>
            </param>
            <param index="4">
              <value>
                <![CDATA[Malaysia;Wootkentree;Lya;02-12-2025;1]]>
              </value>
            </param>
          </params>
          <reporter-output>
          </reporter-output>
        </test-method> <!-- TestCase04 -->
        <test-method signature="TestCase04(java.lang.String,java.lang.String,java.lang.String,java.lang.String,java.lang.String)[pri:4, instance:qtriptest.tests.TestCase_04@36916eb0]" started-at="2024-02-05T15:50:46 IST" name="TestCase04" description="Verify user registration - login - logout" data-provider="data-provider" finished-at="2024-02-05T15:51:46 IST" duration-ms="59420" status="PASS">
          <params>
            <param index="0">
              <value>
                <![CDATA[TC4_3@gmail.com]]>
              </value>
            </param>
            <param index="1">
              <value>
                <![CDATA[abc@321]]>
              </value>
            </param>
            <param index="2">
              <value>
                <![CDATA[Goa;Perthby;Chicky;01-01-2025;2]]>
              </value>
            </param>
            <param index="3">
              <value>
                <![CDATA[Bengaluru;Niaboytown;Chicky;01-01-2025;2]]>
              </value>
            </param>
            <param index="4">
              <value>
                <![CDATA[Bengaluru;Fort Sionnnn;Chicky;01-01-2025;2]]>
              </value>
            </param>
          </params>
          <reporter-output>
          </reporter-output>
        </test-method> <!-- TestCase04 -->
        <test-method is-config="true" signature="closeBrowser()[pri:0, instance:qtriptest.tests.TestCase_04@36916eb0]" started-at="2024-02-05T15:51:46 IST" name="closeBrowser" finished-at="2024-02-05T15:51:47 IST" duration-ms="1003" status="PASS">
          <reporter-output>
          </reporter-output>
        </test-method> <!-- closeBrowser -->
      </class> <!-- qtriptest.tests.TestCase_04 -->
      <class name="qtriptest.tests.TestCase_01">
        <test-method is-config="true" signature="createDriver()[pri:0, instance:qtriptest.tests.TestCase_01@543588e6]" started-at="2024-02-05T15:45:06 IST" name="createDriver" finished-at="2024-02-05T15:45:11 IST" duration-ms="4828" status="PASS">
          <reporter-output>
          </reporter-output>
        </test-method> <!-- createDriver -->
        <test-method signature="TestCase01(java.lang.String,java.lang.String)[pri:1, instance:qtriptest.tests.TestCase_01@543588e6]" started-at="2024-02-05T15:45:13 IST" name="TestCase01" description="Verify user registration - login - logout" data-provider="data-provider" finished-at="2024-02-05T15:45:21 IST" duration-ms="7428" status="PASS">
          <params>
            <param index="0">
              <value>
                <![CDATA[testuser@gmail.com]]>
              </value>
            </param>
            <param index="1">
              <value>
                <![CDATA[abc@123]]>
              </value>
            </param>
          </params>
          <reporter-output>
          </reporter-output>
        </test-method> <!-- TestCase01 -->
        <test-method signature="TestCase01(java.lang.String,java.lang.String)[pri:1, instance:qtriptest.tests.TestCase_01@543588e6]" started-at="2024-02-05T15:45:21 IST" name="TestCase01" description="Verify user registration - login - logout" data-provider="data-provider" finished-at="2024-02-05T15:45:27 IST" duration-ms="6298" status="PASS">
          <params>
            <param index="0">
              <value>
                <![CDATA[TESTUSER@gmail.com]]>
              </value>
            </param>
            <param index="1">
              <value>
                <![CDATA[123456.0]]>
              </value>
            </param>
          </params>
          <reporter-output>
          </reporter-output>
        </test-method> <!-- TestCase01 -->
        <test-method signature="TestCase01(java.lang.String,java.lang.String)[pri:1, instance:qtriptest.tests.TestCase_01@543588e6]" started-at="2024-02-05T15:45:27 IST" name="TestCase01" description="Verify user registration - login - logout" data-provider="data-provider" finished-at="2024-02-05T15:45:32 IST" duration-ms="5536" status="PASS">
          <params>
            <param index="0">
              <value>
                <![CDATA[123_USER_low@gmail.com]]>
              </value>
            </param>
            <param index="1">
              <value>
                <![CDATA[QWERTY!!!!]]>
              </value>
            </param>
          </params>
          <reporter-output>
          </reporter-output>
        </test-method> <!-- TestCase01 -->
      </class> <!-- qtriptest.tests.TestCase_01 -->
    </test> <!-- Gradle test -->
  </suite> <!-- Gradle suite -->
</testng-results>
